#
# There is insufficient memory for the Java Runtime Environment to continue.
# Native memory allocation (malloc) failed to allocate 32744 bytes for ChunkPool::allocate
# Possible reasons:
#   The system is out of physical RAM or swap space
#   The process is running with CompressedOops enabled, and the Java Heap may be blocking the growth of the native heap
# Possible solutions:
#   Reduce memory load on the system
#   Increase physical memory or swap space
#   Check if swap backing store is full
#   Decrease Java heap size (-Xmx/-Xms)
#   Decrease number of Java threads
#   Decrease Java thread stack sizes (-Xss)
#   Set larger code cache with -XX:ReservedCodeCacheSize=
#   JVM is running with Unscaled Compressed Oops mode in which the Java heap is
#     placed in the first 4GB address space. The Java Heap base address is the
#     maximum limit for the native heap growth. Please use -XX:HeapBaseMinAddress
#     to set the Java Heap base and to place the Java Heap above 4GB virtual address.
# This output file may be truncated or incomplete.
#
#  Out of Memory Error (t:/workspace/open/src/hotspot/share/memory/arena.cpp:81), pid=16124, tid=3720
#
# JRE version: Java(TM) SE Runtime Environment (11.0.2+9) (build 11.0.2+9-LTS)
# Java VM: Java HotSpot(TM) 64-Bit Server VM (11.0.2+9-LTS, mixed mode, tiered, compressed oops, g1 gc, windows-amd64)
# No core dump will be written. Minidumps are not enabled by default on client versions of Windows
#

---------------  S U M M A R Y ------------

Command Line: -XX:TieredStopAtLevel=1 -Xverify:none -Dspring.output.ansi.enabled=always -Dcom.sun.management.jmxremote -Dspring.jmx.enabled=true -Dspring.liveBeansView.mbeanDomain -Dspring.application.admin.enabled=true -javaagent:C:\Program Files\JetBrains\IntelliJ IDEA 2022.1.1\lib\idea_rt.jar=1063:C:\Program Files\JetBrains\IntelliJ IDEA 2022.1.1\bin -Dfile.encoding=UTF-8 com.example.tourdefrance.TourDeFranceApplication

Host: Intel(R) Celeron(R) 2957U @ 1.40GHz, 2 cores, 5G,  Windows 10 , 64 bit Build 19041 (10.0.19041.1645)
Time: Mon May 30 22:22:02 2022 Rom, sommertid elapsed time: 7 seconds (0d 0h 0m 7s)

---------------  T H R E A D  ---------------

Current thread (0x00000267633a2800):  JavaThread "C1 CompilerThread0" daemon [_thread_in_native, id=3720, stack(0x000000bae0700000,0x000000bae0800000)]


Current CompileTask:
C1:   7679 3063       1       org.springframework.beans.factory.support.AbstractBeanFactory::isTypeMatch (607 bytes)

Stack: [0x000000bae0700000,0x000000bae0800000]
Native frames: (J=compiled Java code, j=interpreted, Vv=VM code, C=native code)
V  [jvm.dll+0x63574a]
V  [jvm.dll+0x77326f]
V  [jvm.dll+0x77491a]
V  [jvm.dll+0x774fd3]
V  [jvm.dll+0x25e418]
V  [jvm.dll+0xc237b]
V  [jvm.dll+0xc26dc]
V  [jvm.dll+0x11503c]
V  [jvm.dll+0x1910ce]
V  [jvm.dll+0x12c32e]
V  [jvm.dll+0x12c5b2]
V  [jvm.dll+0x12c8df]
V  [jvm.dll+0x12ba57]
V  [jvm.dll+0x12daf7]
V  [jvm.dll+0x2263af]
V  [jvm.dll+0x2249b8]
V  [jvm.dll+0x738a9d]
V  [jvm.dll+0x6347f2]
C  [ucrtbase.dll+0x21bb2]
C  [KERNEL32.DLL+0x17034]
C  [ntdll.dll+0x52651]


---------------  P R O C E S S  ---------------

Threads class SMR info:
_java_thread_list=0x0000026765bcc4c0, length=14, elements={
0x000002674672d000, 0x0000026763385000, 0x0000026763388000, 0x0000026763d42800,
0x0000026763d43800, 0x00000267633a2800, 0x00000267633c8000, 0x0000026763335800,
0x0000026764150800, 0x0000026764152800, 0x000002676415e000, 0x0000026764407800,
0x00000267648a6800, 0x00000267648a3000
}

Java Threads: ( => current thread )
  0x000002674672d000 JavaThread "main" [_thread_in_vm, id=11528, stack(0x000000badfc00000,0x000000badfd00000)]
  0x0000026763385000 JavaThread "Reference Handler" daemon [_thread_blocked, id=10536, stack(0x000000bae0300000,0x000000bae0400000)]
  0x0000026763388000 JavaThread "Finalizer" daemon [_thread_blocked, id=14696, stack(0x000000bae0400000,0x000000bae0500000)]
  0x0000026763d42800 JavaThread "Signal Dispatcher" daemon [_thread_blocked, id=2276, stack(0x000000bae0500000,0x000000bae0600000)]
  0x0000026763d43800 JavaThread "Attach Listener" daemon [_thread_blocked, id=1176, stack(0x000000bae0600000,0x000000bae0700000)]
=>0x00000267633a2800 JavaThread "C1 CompilerThread0" daemon [_thread_in_native, id=3720, stack(0x000000bae0700000,0x000000bae0800000)]
  0x00000267633c8000 JavaThread "Sweeper thread" daemon [_thread_blocked, id=15336, stack(0x000000bae0800000,0x000000bae0900000)]
  0x0000026763335800 JavaThread "Common-Cleaner" daemon [_thread_blocked, id=14704, stack(0x000000bae0900000,0x000000bae0a00000)]
  0x0000026764150800 JavaThread "Monitor Ctrl-Break" daemon [_thread_in_native, id=11420, stack(0x000000bae0b00000,0x000000bae0c00000)]
  0x0000026764152800 JavaThread "Service Thread" daemon [_thread_blocked, id=11156, stack(0x000000bae0c00000,0x000000bae0d00000)]
  0x000002676415e000 JavaThread "C1 CompilerThread1" daemon [_thread_in_vm, id=16172, stack(0x000000bae0d00000,0x000000bae0e00000)]
  0x0000026764407800 JavaThread "RMI TCP Accept-0" daemon [_thread_in_native, id=7516, stack(0x000000bae0f00000,0x000000bae1000000)]
  0x00000267648a6800 JavaThread "RMI TCP Connection(1)-172.29.112.1" daemon [_thread_in_native, id=15616, stack(0x000000bae1100000,0x000000bae1200000)]
  0x00000267648a3000 JavaThread "RMI Scheduler(0)" daemon [_thread_blocked, id=10020, stack(0x000000bae1200000,0x000000bae1300000)]

Other Threads:
  0x000002676335e000 VMThread "VM Thread" [stack: 0x000000bae0200000,0x000000bae0300000] [id=3272]
  0x00000267642a5000 WatcherThread [stack: 0x000000bae1000000,0x000000bae1100000] [id=4928]
  0x0000026746744000 GCTaskThread "GC Thread#0" [stack: 0x000000badfd00000,0x000000badfe00000] [id=15368]
  0x0000026764293800 GCTaskThread "GC Thread#1" [stack: 0x000000bae0e00000,0x000000bae0f00000] [id=15016]
  0x000002674676d000 ConcurrentGCThread "G1 Main Marker" [stack: 0x000000badfe00000,0x000000badff00000] [id=16336]
  0x000002674676e800 ConcurrentGCThread "G1 Conc#0" [stack: 0x000000badff00000,0x000000bae0000000] [id=6324]
  0x00000267467d9800 ConcurrentGCThread "G1 Refine#0" [stack: 0x000000bae0000000,0x000000bae0100000] [id=11872]
  0x00000267467da800 ConcurrentGCThread "G1 Young RemSet Sampling" [stack: 0x000000bae0100000,0x000000bae0200000] [id=1328]

Threads with active compile tasks:
C1 CompilerThread03063       1       org.springframework.beans.factory.support.AbstractBeanFactory::isTypeMatch (607 bytes)

VM state:not at safepoint (normal execution)

VM Mutex/Monitor currently owned by a thread: None

Heap address: 0x00000000a1200000, size: 1518 MB, Compressed Oops mode: 32-bit
Narrow klass base: 0x0000000000000000, Narrow klass shift: 3
Compressed class space size: 1073741824 Address: 0x0000000100000000

Heap:
 garbage-first heap   total 118784K, used 18763K [0x00000000a1200000, 0x0000000100000000)
  region size 1024K, 13 young (13312K), 5 survivors (5120K)
 Metaspace       used 27730K, capacity 28747K, committed 28928K, reserved 1079296K
  class space    used 3412K, capacity 3810K, committed 3840K, reserved 1048576K
Heap Regions: E=young(eden), S=young(survivor), O=old, HS=humongous(starts), HC=humongous(continues), CS=collection set, F=free, A=archive, TAMS=top-at-mark-start (previous, next)
|   0|0x00000000a1200000, 0x00000000a1300000, 0x00000000a1300000|100%|HS|  |TAMS 0x00000000a1300000, 0x00000000a1200000| Complete 
|   1|0x00000000a1300000, 0x00000000a1400000, 0x00000000a1400000|100%| O|  |TAMS 0x00000000a1400000, 0x00000000a1300000| Untracked 
|   2|0x00000000a1400000, 0x00000000a1500000, 0x00000000a1500000|100%| O|  |TAMS 0x00000000a1500000, 0x00000000a1400000| Untracked 
|   3|0x00000000a1500000, 0x00000000a1600000, 0x00000000a1600000|100%| O|  |TAMS 0x00000000a1600000, 0x00000000a1500000| Untracked 
|   4|0x00000000a1600000, 0x00000000a1700000, 0x00000000a1700000|100%| O|  |TAMS 0x00000000a1700000, 0x00000000a1600000| Untracked 
|   5|0x00000000a1700000, 0x00000000a1800000, 0x00000000a1800000|100%| O|  |TAMS 0x00000000a1800000, 0x00000000a1700000| Untracked 
|   6|0x00000000a1800000, 0x00000000a18af200, 0x00000000a1900000| 68%| O|  |TAMS 0x00000000a18af200, 0x00000000a1800000| Untracked 
|   7|0x00000000a1900000, 0x00000000a1900000, 0x00000000a1a00000|  0%| F|  |TAMS 0x00000000a1900000, 0x00000000a1900000| Untracked 
|   8|0x00000000a1a00000, 0x00000000a1a00000, 0x00000000a1b00000|  0%| F|  |TAMS 0x00000000a1a00000, 0x00000000a1a00000| Untracked 
|   9|0x00000000a1b00000, 0x00000000a1b00000, 0x00000000a1c00000|  0%| F|  |TAMS 0x00000000a1b00000, 0x00000000a1b00000| Untracked 
|  10|0x00000000a1c00000, 0x00000000a1c00000, 0x00000000a1d00000|  0%| F|  |TAMS 0x00000000a1c00000, 0x00000000a1c00000| Untracked 
|  11|0x00000000a1d00000, 0x00000000a1d00000, 0x00000000a1e00000|  0%| F|  |TAMS 0x00000000a1d00000, 0x00000000a1d00000| Untracked 
|  12|0x00000000a1e00000, 0x00000000a1e00000, 0x00000000a1f00000|  0%| F|  |TAMS 0x00000000a1e00000, 0x00000000a1e00000| Untracked 
|  13|0x00000000a1f00000, 0x00000000a1f00000, 0x00000000a2000000|  0%| F|  |TAMS 0x00000000a1f00000, 0x00000000a1f00000| Untracked 
|  14|0x00000000a2000000, 0x00000000a2000000, 0x00000000a2100000|  0%| F|  |TAMS 0x00000000a2000000, 0x00000000a2000000| Untracked 
|  15|0x00000000a2100000, 0x00000000a2100000, 0x00000000a2200000|  0%| F|  |TAMS 0x00000000a2100000, 0x00000000a2100000| Untracked 
|  16|0x00000000a2200000, 0x00000000a2200000, 0x00000000a2300000|  0%| F|  |TAMS 0x00000000a2200000, 0x00000000a2200000| Untracked 
|  17|0x00000000a2300000, 0x00000000a2300000, 0x00000000a2400000|  0%| F|  |TAMS 0x00000000a2300000, 0x00000000a2300000| Untracked 
|  18|0x00000000a2400000, 0x00000000a2400000, 0x00000000a2500000|  0%| F|  |TAMS 0x00000000a2400000, 0x00000000a2400000| Untracked 
|  19|0x00000000a2500000, 0x00000000a2500000, 0x00000000a2600000|  0%| F|  |TAMS 0x00000000a2500000, 0x00000000a2500000| Untracked 
|  20|0x00000000a2600000, 0x00000000a2600000, 0x00000000a2700000|  0%| F|  |TAMS 0x00000000a2600000, 0x00000000a2600000| Untracked 
|  21|0x00000000a2700000, 0x00000000a2700000, 0x00000000a2800000|  0%| F|  |TAMS 0x00000000a2700000, 0x00000000a2700000| Untracked 
|  22|0x00000000a2800000, 0x00000000a2800000, 0x00000000a2900000|  0%| F|  |TAMS 0x00000000a2800000, 0x00000000a2800000| Untracked 
|  23|0x00000000a2900000, 0x00000000a2900000, 0x00000000a2a00000|  0%| F|  |TAMS 0x00000000a2900000, 0x00000000a2900000| Untracked 
|  24|0x00000000a2a00000, 0x00000000a2a00000, 0x00000000a2b00000|  0%| F|  |TAMS 0x00000000a2a00000, 0x00000000a2a00000| Untracked 
|  25|0x00000000a2b00000, 0x00000000a2b00000, 0x00000000a2c00000|  0%| F|  |TAMS 0x00000000a2b00000, 0x00000000a2b00000| Untracked 
|  26|0x00000000a2c00000, 0x00000000a2c00000, 0x00000000a2d00000|  0%| F|  |TAMS 0x00000000a2c00000, 0x00000000a2c00000| Untracked 
|  27|0x00000000a2d00000, 0x00000000a2d00000, 0x00000000a2e00000|  0%| F|  |TAMS 0x00000000a2d00000, 0x00000000a2d00000| Untracked 
|  28|0x00000000a2e00000, 0x00000000a2e00000, 0x00000000a2f00000|  0%| F|  |TAMS 0x00000000a2e00000, 0x00000000a2e00000| Untracked 
|  29|0x00000000a2f00000, 0x00000000a2f00000, 0x00000000a3000000|  0%| F|  |TAMS 0x00000000a2f00000, 0x00000000a2f00000| Untracked 
|  30|0x00000000a3000000, 0x00000000a3000000, 0x00000000a3100000|  0%| F|  |TAMS 0x00000000a3000000, 0x00000000a3000000| Untracked 
|  31|0x00000000a3100000, 0x00000000a3100000, 0x00000000a3200000|  0%| F|  |TAMS 0x00000000a3100000, 0x00000000a3100000| Untracked 
|  32|0x00000000a3200000, 0x00000000a3200000, 0x00000000a3300000|  0%| F|  |TAMS 0x00000000a3200000, 0x00000000a3200000| Untracked 
|  33|0x00000000a3300000, 0x00000000a3300000, 0x00000000a3400000|  0%| F|  |TAMS 0x00000000a3300000, 0x00000000a3300000| Untracked 
|  34|0x00000000a3400000, 0x00000000a3400000, 0x00000000a3500000|  0%| F|  |TAMS 0x00000000a3400000, 0x00000000a3400000| Untracked 
|  35|0x00000000a3500000, 0x00000000a3500000, 0x00000000a3600000|  0%| F|  |TAMS 0x00000000a3500000, 0x00000000a3500000| Untracked 
|  36|0x00000000a3600000, 0x00000000a3600000, 0x00000000a3700000|  0%| F|  |TAMS 0x00000000a3600000, 0x00000000a3600000| Untracked 
|  37|0x00000000a3700000, 0x00000000a3700000, 0x00000000a3800000|  0%| F|  |TAMS 0x00000000a3700000, 0x00000000a3700000| Untracked 
|  38|0x00000000a3800000, 0x00000000a3800000, 0x00000000a3900000|  0%| F|  |TAMS 0x00000000a3800000, 0x00000000a3800000| Untracked 
|  39|0x00000000a3900000, 0x00000000a3900000, 0x00000000a3a00000|  0%| F|  |TAMS 0x00000000a3900000, 0x00000000a3900000| Untracked 
|  40|0x00000000a3a00000, 0x00000000a3a00000, 0x00000000a3b00000|  0%| F|  |TAMS 0x00000000a3a00000, 0x00000000a3a00000| Untracked 
|  41|0x00000000a3b00000, 0x00000000a3b00000, 0x00000000a3c00000|  0%| F|  |TAMS 0x00000000a3b00000, 0x00000000a3b00000| Untracked 
|  42|0x00000000a3c00000, 0x00000000a3c00000, 0x00000000a3d00000|  0%| F|  |TAMS 0x00000000a3c00000, 0x00000000a3c00000| Untracked 
|  43|0x00000000a3d00000, 0x00000000a3d00000, 0x00000000a3e00000|  0%| F|  |TAMS 0x00000000a3d00000, 0x00000000a3d00000| Untracked 
|  44|0x00000000a3e00000, 0x00000000a3e00000, 0x00000000a3f00000|  0%| F|  |TAMS 0x00000000a3e00000, 0x00000000a3e00000| Untracked 
|  45|0x00000000a3f00000, 0x00000000a3f00000, 0x00000000a4000000|  0%| F|  |TAMS 0x00000000a3f00000, 0x00000000a3f00000| Untracked 
|  46|0x00000000a4000000, 0x00000000a4000000, 0x00000000a4100000|  0%| F|  |TAMS 0x00000000a4000000, 0x00000000a4000000| Untracked 
|  47|0x00000000a4100000, 0x00000000a4100000, 0x00000000a4200000|  0%| F|  |TAMS 0x00000000a4100000, 0x00000000a4100000| Untracked 
|  48|0x00000000a4200000, 0x00000000a4200000, 0x00000000a4300000|  0%| F|  |TAMS 0x00000000a4200000, 0x00000000a4200000| Untracked 
|  49|0x00000000a4300000, 0x00000000a4300000, 0x00000000a4400000|  0%| F|  |TAMS 0x00000000a4300000, 0x00000000a4300000| Untracked 
|  50|0x00000000a4400000, 0x00000000a4400000, 0x00000000a4500000|  0%| F|  |TAMS 0x00000000a4400000, 0x00000000a4400000| Untracked 
|  51|0x00000000a4500000, 0x00000000a4500000, 0x00000000a4600000|  0%| F|  |TAMS 0x00000000a4500000, 0x00000000a4500000| Untracked 
|  52|0x00000000a4600000, 0x00000000a4600000, 0x00000000a4700000|  0%| F|  |TAMS 0x00000000a4600000, 0x00000000a4600000| Untracked 
|  53|0x00000000a4700000, 0x00000000a4700000, 0x00000000a4800000|  0%| F|  |TAMS 0x00000000a4700000, 0x00000000a4700000| Untracked 
|  54|0x00000000a4800000, 0x00000000a4800000, 0x00000000a4900000|  0%| F|  |TAMS 0x00000000a4800000, 0x00000000a4800000| Untracked 
|  55|0x00000000a4900000, 0x00000000a4900000, 0x00000000a4a00000|  0%| F|  |TAMS 0x00000000a4900000, 0x00000000a4900000| Untracked 
|  56|0x00000000a4a00000, 0x00000000a4a00000, 0x00000000a4b00000|  0%| F|  |TAMS 0x00000000a4a00000, 0x00000000a4a00000| Untracked 
|  57|0x00000000a4b00000, 0x00000000a4b00000, 0x00000000a4c00000|  0%| F|  |TAMS 0x00000000a4b00000, 0x00000000a4b00000| Untracked 
|  58|0x00000000a4c00000, 0x00000000a4c00000, 0x00000000a4d00000|  0%| F|  |TAMS 0x00000000a4c00000, 0x00000000a4c00000| Untracked 
|  59|0x00000000a4d00000, 0x00000000a4d00000, 0x00000000a4e00000|  0%| F|  |TAMS 0x00000000a4d00000, 0x00000000a4d00000| Untracked 
|  60|0x00000000a4e00000, 0x00000000a4e00000, 0x00000000a4f00000|  0%| F|  |TAMS 0x00000000a4e00000, 0x00000000a4e00000| Untracked 
|  61|0x00000000a4f00000, 0x00000000a4f00000, 0x00000000a5000000|  0%| F|  |TAMS 0x00000000a4f00000, 0x00000000a4f00000| Untracked 
|  62|0x00000000a5000000, 0x00000000a5000000, 0x00000000a5100000|  0%| F|  |TAMS 0x00000000a5000000, 0x00000000a5000000| Untracked 
|  63|0x00000000a5100000, 0x00000000a5100000, 0x00000000a5200000|  0%| F|  |TAMS 0x00000000a5100000, 0x00000000a5100000| Untracked 
|  64|0x00000000a5200000, 0x00000000a5200000, 0x00000000a5300000|  0%| F|  |TAMS 0x00000000a5200000, 0x00000000a5200000| Untracked 
|  65|0x00000000a5300000, 0x00000000a5300000, 0x00000000a5400000|  0%| F|  |TAMS 0x00000000a5300000, 0x00000000a5300000| Untracked 
|  66|0x00000000a5400000, 0x00000000a5400000, 0x00000000a5500000|  0%| F|  |TAMS 0x00000000a5400000, 0x00000000a5400000| Untracked 
|  67|0x00000000a5500000, 0x00000000a5500000, 0x00000000a5600000|  0%| F|  |TAMS 0x00000000a5500000, 0x00000000a5500000| Untracked 
|  68|0x00000000a5600000, 0x00000000a5600000, 0x00000000a5700000|  0%| F|  |TAMS 0x00000000a5600000, 0x00000000a5600000| Untracked 
|  69|0x00000000a5700000, 0x00000000a5700000, 0x00000000a5800000|  0%| F|  |TAMS 0x00000000a5700000, 0x00000000a5700000| Untracked 
|  70|0x00000000a5800000, 0x00000000a5800000, 0x00000000a5900000|  0%| F|  |TAMS 0x00000000a5800000, 0x00000000a5800000| Untracked 
|  71|0x00000000a5900000, 0x00000000a5900000, 0x00000000a5a00000|  0%| F|  |TAMS 0x00000000a5900000, 0x00000000a5900000| Untracked 
|  72|0x00000000a5a00000, 0x00000000a5a00000, 0x00000000a5b00000|  0%| F|  |TAMS 0x00000000a5a00000, 0x00000000a5a00000| Untracked 
|  73|0x00000000a5b00000, 0x00000000a5b00000, 0x00000000a5c00000|  0%| F|  |TAMS 0x00000000a5b00000, 0x00000000a5b00000| Untracked 
|  74|0x00000000a5c00000, 0x00000000a5ca3aa0, 0x00000000a5d00000| 63%| S|CS|TAMS 0x00000000a5c00000, 0x00000000a5c00000| Complete 
|  75|0x00000000a5d00000, 0x00000000a5e00000, 0x00000000a5e00000|100%| S|CS|TAMS 0x00000000a5d00000, 0x00000000a5d00000| Complete 
|  76|0x00000000a5e00000, 0x00000000a5f00000, 0x00000000a5f00000|100%| S|CS|TAMS 0x00000000a5e00000, 0x00000000a5e00000| Complete 
|  77|0x00000000a5f00000, 0x00000000a6000000, 0x00000000a6000000|100%| S|CS|TAMS 0x00000000a5f00000, 0x00000000a5f00000| Complete 
|  78|0x00000000a6000000, 0x00000000a6100000, 0x00000000a6100000|100%| S|CS|TAMS 0x00000000a6000000, 0x00000000a6000000| Complete 
|  79|0x00000000a6100000, 0x00000000a6100000, 0x00000000a6200000|  0%| F|  |TAMS 0x00000000a6100000, 0x00000000a6100000| Untracked 
|  80|0x00000000a6200000, 0x00000000a6200000, 0x00000000a6300000|  0%| F|  |TAMS 0x00000000a6200000, 0x00000000a6200000| Untracked 
|  81|0x00000000a6300000, 0x00000000a6300000, 0x00000000a6400000|  0%| F|  |TAMS 0x00000000a6300000, 0x00000000a6300000| Untracked 
|  82|0x00000000a6400000, 0x00000000a6400000, 0x00000000a6500000|  0%| F|  |TAMS 0x00000000a6400000, 0x00000000a6400000| Untracked 
|  83|0x00000000a6500000, 0x00000000a6500000, 0x00000000a6600000|  0%| F|  |TAMS 0x00000000a6500000, 0x00000000a6500000| Untracked 
|  84|0x00000000a6600000, 0x00000000a6600000, 0x00000000a6700000|  0%| F|  |TAMS 0x00000000a6600000, 0x00000000a6600000| Untracked 
|  85|0x00000000a6700000, 0x00000000a6700000, 0x00000000a6800000|  0%| F|  |TAMS 0x00000000a6700000, 0x00000000a6700000| Untracked 
|  86|0x00000000a6800000, 0x00000000a6800000, 0x00000000a6900000|  0%| F|  |TAMS 0x00000000a6800000, 0x00000000a6800000| Untracked 
|  87|0x00000000a6900000, 0x00000000a6900000, 0x00000000a6a00000|  0%| F|  |TAMS 0x00000000a6900000, 0x00000000a6900000| Untracked 
|  88|0x00000000a6a00000, 0x00000000a6a00000, 0x00000000a6b00000|  0%| F|  |TAMS 0x00000000a6a00000, 0x00000000a6a00000| Untracked 
|  89|0x00000000a6b00000, 0x00000000a6b00000, 0x00000000a6c00000|  0%| F|  |TAMS 0x00000000a6b00000, 0x00000000a6b00000| Untracked 
|  90|0x00000000a6c00000, 0x00000000a6c00000, 0x00000000a6d00000|  0%| F|  |TAMS 0x00000000a6c00000, 0x00000000a6c00000| Untracked 
|  91|0x00000000a6d00000, 0x00000000a6d00000, 0x00000000a6e00000|  0%| F|  |TAMS 0x00000000a6d00000, 0x00000000a6d00000| Untracked 
|  92|0x00000000a6e00000, 0x00000000a6e00000, 0x00000000a6f00000|  0%| F|  |TAMS 0x00000000a6e00000, 0x00000000a6e00000| Untracked 
|  93|0x00000000a6f00000, 0x00000000a6f00000, 0x00000000a7000000|  0%| F|  |TAMS 0x00000000a6f00000, 0x00000000a6f00000| Untracked 
|  94|0x00000000a7000000, 0x00000000a7000000, 0x00000000a7100000|  0%| F|  |TAMS 0x00000000a7000000, 0x00000000a7000000| Untracked 
|  95|0x00000000a7100000, 0x00000000a7100000, 0x00000000a7200000|  0%| F|  |TAMS 0x00000000a7100000, 0x00000000a7100000| Untracked 
|  96|0x00000000a7200000, 0x00000000a7200000, 0x00000000a7300000|  0%| F|  |TAMS 0x00000000a7200000, 0x00000000a7200000| Untracked 
|  97|0x00000000a7300000, 0x00000000a7300000, 0x00000000a7400000|  0%| F|  |TAMS 0x00000000a7300000, 0x00000000a7300000| Untracked 
|  98|0x00000000a7400000, 0x00000000a7400000, 0x00000000a7500000|  0%| F|  |TAMS 0x00000000a7400000, 0x00000000a7400000| Untracked 
|  99|0x00000000a7500000, 0x00000000a7500000, 0x00000000a7600000|  0%| F|  |TAMS 0x00000000a7500000, 0x00000000a7500000| Untracked 
| 100|0x00000000a7600000, 0x00000000a7600000, 0x00000000a7700000|  0%| F|  |TAMS 0x00000000a7600000, 0x00000000a7600000| Untracked 
| 101|0x00000000a7700000, 0x00000000a7700000, 0x00000000a7800000|  0%| F|  |TAMS 0x00000000a7700000, 0x00000000a7700000| Untracked 
| 102|0x00000000a7800000, 0x00000000a7800000, 0x00000000a7900000|  0%| F|  |TAMS 0x00000000a7800000, 0x00000000a7800000| Untracked 
| 103|0x00000000a7900000, 0x00000000a7900000, 0x00000000a7a00000|  0%| F|  |TAMS 0x00000000a7900000, 0x00000000a7900000| Untracked 
| 104|0x00000000a7a00000, 0x00000000a7a00000, 0x00000000a7b00000|  0%| F|  |TAMS 0x00000000a7a00000, 0x00000000a7a00000| Untracked 
| 105|0x00000000a7b00000, 0x00000000a7b00000, 0x00000000a7c00000|  0%| F|  |TAMS 0x00000000a7b00000, 0x00000000a7b00000| Untracked 
| 106|0x00000000a7c00000, 0x00000000a7c00000, 0x00000000a7d00000|  0%| F|  |TAMS 0x00000000a7c00000, 0x00000000a7c00000| Untracked 
| 107|0x00000000a7d00000, 0x00000000a7d00000, 0x00000000a7e00000|  0%| F|  |TAMS 0x00000000a7d00000, 0x00000000a7d00000| Untracked 
| 108|0x00000000a7e00000, 0x00000000a7e80800, 0x00000000a7f00000| 50%| E|  |TAMS 0x00000000a7e00000, 0x00000000a7e00000| Complete 
| 109|0x00000000a7f00000, 0x00000000a8000000, 0x00000000a8000000|100%| E|CS|TAMS 0x00000000a7f00000, 0x00000000a7f00000| Complete 
| 110|0x00000000a8000000, 0x00000000a8100000, 0x00000000a8100000|100%| E|CS|TAMS 0x00000000a8000000, 0x00000000a8000000| Complete 
| 111|0x00000000a8100000, 0x00000000a8200000, 0x00000000a8200000|100%| E|CS|TAMS 0x00000000a8100000, 0x00000000a8100000| Complete 
| 112|0x00000000a8200000, 0x00000000a8300000, 0x00000000a8300000|100%| E|CS|TAMS 0x00000000a8200000, 0x00000000a8200000| Complete 
| 113|0x00000000a8300000, 0x00000000a8400000, 0x00000000a8400000|100%| E|CS|TAMS 0x00000000a8300000, 0x00000000a8300000| Complete 
| 114|0x00000000a8400000, 0x00000000a8500000, 0x00000000a8500000|100%| E|CS|TAMS 0x00000000a8400000, 0x00000000a8400000| Complete 
| 115|0x00000000a8500000, 0x00000000a8600000, 0x00000000a8600000|100%| E|CS|TAMS 0x00000000a8500000, 0x00000000a8500000| Complete 

Card table byte_map: [0x000002675da50000,0x000002675dd50000] _byte_map_base: 0x000002675d547000

Marking Bits (Prev, Next): (CMBitMap*) 0x0000026746766608, (CMBitMap*) 0x0000026746766640
 Prev Bits: [0x000002675e050000, 0x000002675f808000)
 Next Bits: [0x000002675f810000, 0x0000026760fc8000)

Polling page: 0x00000267445b0000

Metaspace:

Usage:
  Non-class:     24.42 MB capacity,    23.77 MB ( 97%) used,   550.83 KB (  2%) free+waste,   110.19 KB ( <1%) overhead. 
      Class:      3.75 MB capacity,     3.34 MB ( 89%) used,   368.47 KB ( 10%) free+waste,    56.63 KB (  1%) overhead. 
       Both:     28.17 MB capacity,    27.11 MB ( 96%) used,   919.30 KB (  3%) free+waste,   166.81 KB ( <1%) overhead. 

Virtual space:
  Non-class space:       30.00 MB reserved,      24.50 MB ( 82%) committed 
      Class space:        1.00 GB reserved,       3.88 MB ( <1%) committed 
             Both:        1.03 GB reserved,      28.38 MB (  3%) committed 

Chunk freelists:
   Non-Class:  2.88 KB
       Class:  3.75 KB
        Both:  6.63 KB

CodeHeap 'non-profiled nmethods': size=239488Kb used=4961Kb max_used=4961Kb free=234527Kb
 bounds [0x000002674f070000, 0x000002674f550000, 0x000002675da50000]
CodeHeap 'non-nmethods': size=6272Kb used=1707Kb max_used=1707Kb free=4564Kb
 bounds [0x000002674ea50000, 0x000002674ecc0000, 0x000002674f070000]
 total_blobs=3593 nmethods=3100 adapters=403
 compilation: enabled
              stopped_count=0, restarted_count=0
 full_count=0

Compilation events (10 events):
Event: 7.633 Thread 0x00000267633a2800 nmethod 3058 0x000002674f532890 code [0x000002674f532a40, 0x000002674f532b58]
Event: 7.664 Thread 0x00000267633a2800 3059       1       org.springframework.beans.PropertyValue::getName (5 bytes)
Event: 7.664 Thread 0x00000267633a2800 nmethod 3059 0x000002674f532c10 code [0x000002674f532dc0, 0x000002674f532ed8]
Event: 7.668 Thread 0x000002676415e000 3060  s    1       java.lang.StringBuffer::length (5 bytes)
Event: 7.669 Thread 0x000002676415e000 nmethod 3060 0x000002674f532f90 code [0x000002674f533140, 0x000002674f5333b8]
Event: 7.669 Thread 0x00000267633a2800 3061       1       org.springframework.core.OrderComparator::compare (8 bytes)
Event: 7.669 Thread 0x000002676415e000 3062       1       org.springframework.core.OrderComparator::doCompare (60 bytes)
Event: 7.669 Thread 0x00000267633a2800 nmethod 3061 0x000002674f533490 code [0x000002674f533640, 0x000002674f533790]
Event: 7.669 Thread 0x000002676415e000 nmethod 3062 0x000002674f533810 code [0x000002674f5339e0, 0x000002674f533c80]
Event: 7.670 Thread 0x00000267633a2800 3063       1       org.springframework.beans.factory.support.AbstractBeanFactory::isTypeMatch (607 bytes)

GC Heap History (10 events):
Event: 4.425 GC heap before
{Heap before GC invocations=4 (full 0):
 garbage-first heap   total 98304K, used 28175K [0x00000000a1200000, 0x0000000100000000)
  region size 1024K, 22 young (22528K), 1 survivors (1024K)
 Metaspace       used 19672K, capacity 20409K, committed 20608K, reserved 1067008K
  class space    used 2314K, capacity 2607K, committed 2688K, reserved 1048576K
}
Event: 4.433 GC heap after
{Heap after GC invocations=5 (full 0):
 garbage-first heap   total 98304K, used 8695K [0x00000000a1200000, 0x0000000100000000)
  region size 1024K, 2 young (2048K), 2 survivors (2048K)
 Metaspace       used 19672K, capacity 20409K, committed 20608K, reserved 1067008K
  class space    used 2314K, capacity 2607K, committed 2688K, reserved 1048576K
}
Event: 4.526 GC heap before
{Heap before GC invocations=5 (full 0):
 garbage-first heap   total 98304K, used 12791K [0x00000000a1200000, 0x0000000100000000)
  region size 1024K, 7 young (7168K), 2 survivors (2048K)
 Metaspace       used 20388K, capacity 21121K, committed 21248K, reserved 1067008K
  class space    used 2397K, capacity 2697K, committed 2816K, reserved 1048576K
}
Event: 4.534 GC heap after
{Heap after GC invocations=6 (full 0):
 garbage-first heap   total 118784K, used 8892K [0x00000000a1200000, 0x0000000100000000)
  region size 1024K, 2 young (2048K), 2 survivors (2048K)
 Metaspace       used 20388K, capacity 21121K, committed 21248K, reserved 1067008K
  class space    used 2397K, capacity 2697K, committed 2816K, reserved 1048576K
}
Event: 5.696 GC heap before
{Heap before GC invocations=7 (full 0):
 garbage-first heap   total 118784K, used 38588K [0x00000000a1200000, 0x0000000100000000)
  region size 1024K, 31 young (31744K), 2 survivors (2048K)
 Metaspace       used 24344K, capacity 25223K, committed 25344K, reserved 1071104K
  class space    used 2910K, capacity 3278K, committed 3328K, reserved 1048576K
}
Event: 5.708 GC heap after
{Heap after GC invocations=8 (full 0):
 garbage-first heap   total 118784K, used 9916K [0x00000000a1200000, 0x0000000100000000)
  region size 1024K, 3 young (3072K), 3 survivors (3072K)
 Metaspace       used 24344K, capacity 25223K, committed 25344K, reserved 1071104K
  class space    used 2910K, capacity 3278K, committed 3328K, reserved 1048576K
}
Event: 5.903 GC heap before
{Heap before GC invocations=8 (full 0):
 garbage-first heap   total 118784K, used 52924K [0x00000000a1200000, 0x0000000100000000)
  region size 1024K, 46 young (47104K), 3 survivors (3072K)
 Metaspace       used 24924K, capacity 25784K, committed 25856K, reserved 1071104K
  class space    used 2972K, capacity 3316K, committed 3328K, reserved 1048576K
}
Event: 5.914 GC heap after
{Heap after GC invocations=9 (full 0):
 garbage-first heap   total 118784K, used 10726K [0x00000000a1200000, 0x0000000100000000)
  region size 1024K, 4 young (4096K), 4 survivors (4096K)
 Metaspace       used 24924K, capacity 25784K, committed 25856K, reserved 1071104K
  class space    used 2972K, capacity 3316K, committed 3328K, reserved 1048576K
}
Event: 7.449 GC heap before
{Heap before GC invocations=9 (full 0):
 garbage-first heap   total 118784K, used 47590K [0x00000000a1200000, 0x0000000100000000)
  region size 1024K, 41 young (41984K), 4 survivors (4096K)
 Metaspace       used 27078K, capacity 28012K, committed 28032K, reserved 1079296K
  class space    used 3297K, capacity 3693K, committed 3712K, reserved 1048576K
}
Event: 7.464 GC heap after
{Heap after GC invocations=10 (full 0):
 garbage-first heap   total 118784K, used 11595K [0x00000000a1200000, 0x0000000100000000)
  region size 1024K, 5 young (5120K), 5 survivors (5120K)
 Metaspace       used 27078K, capacity 28012K, committed 28032K, reserved 1079296K
  class space    used 3297K, capacity 3693K, committed 3712K, reserved 1048576K
}

Deoptimization events (0 events):
No events

Classes redefined (0 events):
No events

Internal exceptions (10 events):
Event: 4.917 Thread 0x000002674672d000 Exception <a 'java/lang/ClassNotFoundException'{0x00000000a71b39c8}: org/springframework/context/EnvironmentAwareCustomizer> (0x00000000a71b39c8) thrown at [t:/workspace/open/src/hotspot/share/classfile/systemDictionary.cpp, line 231]
Event: 4.921 Thread 0x000002674672d000 Exception <a 'java/lang/ClassNotFoundException'{0x00000000a7023d50}: org/springframework/beans/factory/AwareCustomizer> (0x00000000a7023d50) thrown at [t:/workspace/open/src/hotspot/share/classfile/systemDictionary.cpp, line 231]
Event: 4.973 Thread 0x00000267648a6800 Exception <a 'java/lang/reflect/InvocationTargetException'{0x00000000a6e098c0}> (0x00000000a6e098c0) thrown at [t:/workspace/open/src/hotspot/share/runtime/reflection.cpp, line 1242]
Event: 5.505 Thread 0x00000267648a6800 Exception <a 'java/lang/reflect/InvocationTargetException'{0x00000000a6e184e0}> (0x00000000a6e184e0) thrown at [t:/workspace/open/src/hotspot/share/runtime/reflection.cpp, line 1242]
Event: 5.865 Thread 0x000002674672d000 Exception <a 'java/lang/IncompatibleClassChangeError'{0x00000000a585aba0}: Found class java.lang.Object, but interface was expected> (0x00000000a585aba0) thrown at [t:/workspace/open/src/hotspot/share/interpreter/linkResolver.cpp, line 838]
Event: 5.977 Thread 0x000002674672d000 Exception <a 'java/lang/NoSuchMethodError'{0x00000000a85fba58}: java.lang.invoke.DirectMethodHandle$Holder.invokeInterface(Ljava/lang/Object;Ljava/lang/Object;Ljava/lang/Object;Ljava/lang/Object;)V> (0x00000000a85fba58) thrown at [t:/workspace/open/src/ho
Event: 6.021 Thread 0x00000267648a6800 Exception <a 'java/lang/reflect/InvocationTargetException'{0x00000000a83098c0}> (0x00000000a83098c0) thrown at [t:/workspace/open/src/hotspot/share/runtime/reflection.cpp, line 1242]
Event: 6.541 Thread 0x00000267648a6800 Exception <a 'java/lang/reflect/InvocationTargetException'{0x00000000a8318580}> (0x00000000a8318580) thrown at [t:/workspace/open/src/hotspot/share/runtime/reflection.cpp, line 1242]
Event: 7.056 Thread 0x00000267648a6800 Exception <a 'java/lang/reflect/InvocationTargetException'{0x00000000a6902c78}> (0x00000000a6902c78) thrown at [t:/workspace/open/src/hotspot/share/runtime/reflection.cpp, line 1242]
Event: 7.578 Thread 0x00000267648a6800 Exception <a 'java/lang/reflect/InvocationTargetException'{0x00000000a83098c0}> (0x00000000a83098c0) thrown at [t:/workspace/open/src/hotspot/share/runtime/reflection.cpp, line 1242]

Events (10 events):
Event: 7.661 Executing VM operation: Deoptimize
Event: 7.662 Executing VM operation: Deoptimize done
Event: 7.666 loading class org/springframework/util/StopWatch$TaskInfo
Event: 7.666 loading class org/springframework/util/StopWatch$TaskInfo done
Event: 7.667 loading class org/springframework/core/log/LogMessage$FormatMessage3
Event: 7.667 loading class org/springframework/core/log/LogMessage$FormatMessage3 done
Event: 7.671 loading class org/springframework/boot/autoconfigure/data/jpa/JpaRepositoriesAutoConfiguration
Event: 7.671 loading class org/springframework/boot/autoconfigure/data/jpa/JpaRepositoriesAutoConfiguration done
Event: 7.672 loading class org/springframework/data/jpa/mapping/JpaMetamodelMappingContext
Event: 7.672 loading class org/springframework/data/jpa/mapping/JpaMetamodelMappingContext done


Dynamic libraries:
0x00007ff7f83e0000 - 0x00007ff7f8427000 	C:\Program Files\Java\jdk-11.0.2\bin\java.exe
0x00007ffbab590000 - 0x00007ffbab785000 	C:\WINDOWS\SYSTEM32\ntdll.dll
0x00007ffb7f7c0000 - 0x00007ffb7f7d6000 	C:\Program Files\AVAST Software\Avast\aswhook.dll
0x00007ffba9620000 - 0x00007ffba96de000 	C:\WINDOWS\System32\KERNEL32.DLL
0x00007ffba9320000 - 0x00007ffba95e8000 	C:\WINDOWS\System32\KERNELBASE.dll
0x00007ffba9be0000 - 0x00007ffba9c8e000 	C:\WINDOWS\System32\ADVAPI32.dll
0x00007ffbaa110000 - 0x00007ffbaa1ae000 	C:\WINDOWS\System32\msvcrt.dll
0x00007ffbab0a0000 - 0x00007ffbab13c000 	C:\WINDOWS\System32\sechost.dll
0x00007ffba9870000 - 0x00007ffba9995000 	C:\WINDOWS\System32\RPCRT4.dll
0x00007ffbab3b0000 - 0x00007ffbab550000 	C:\WINDOWS\System32\USER32.dll
0x00007ffba9070000 - 0x00007ffba9092000 	C:\WINDOWS\System32\win32u.dll
0x00007ffba95f0000 - 0x00007ffba961a000 	C:\WINDOWS\System32\GDI32.dll
0x00007ffba8cb0000 - 0x00007ffba8dbb000 	C:\WINDOWS\System32\gdi32full.dll
0x00007ffba8fd0000 - 0x00007ffba906d000 	C:\WINDOWS\System32\msvcp_win.dll
0x00007ffba9220000 - 0x00007ffba9320000 	C:\WINDOWS\System32\ucrtbase.dll
0x00007ffb82760000 - 0x00007ffb829fa000 	C:\WINDOWS\WinSxS\amd64_microsoft.windows.common-controls_6595b64144ccf1df_6.0.19041.1110_none_60b5254171f9507e\COMCTL32.dll
0x00007ffb9e690000 - 0x00007ffb9e69a000 	C:\WINDOWS\SYSTEM32\VERSION.dll
0x00007ffbaa810000 - 0x00007ffbaa840000 	C:\WINDOWS\System32\IMM32.DLL
0x00007ffb82ad0000 - 0x00007ffb82ae6000 	C:\Program Files\Java\jdk-11.0.2\bin\vcruntime140.dll
0x00007ffb805c0000 - 0x00007ffb8066a000 	C:\Program Files\Java\jdk-11.0.2\bin\msvcp140.dll
0x00007ffb3adf0000 - 0x00007ffb3b917000 	C:\Program Files\Java\jdk-11.0.2\bin\server\jvm.dll
0x00007ffbab140000 - 0x00007ffbab148000 	C:\WINDOWS\System32\PSAPI.DLL
0x00007ffb959f0000 - 0x00007ffb95a17000 	C:\WINDOWS\SYSTEM32\WINMM.dll
0x00007ffb9ad20000 - 0x00007ffb9ad29000 	C:\WINDOWS\SYSTEM32\WSOCK32.dll
0x00007ffbab290000 - 0x00007ffbab2fb000 	C:\WINDOWS\System32\WS2_32.dll
0x00007ffba6b90000 - 0x00007ffba6ba2000 	C:\WINDOWS\SYSTEM32\kernel.appcore.dll
0x00007ffb7d8a0000 - 0x00007ffb7d8b1000 	C:\Program Files\Java\jdk-11.0.2\bin\verify.dll
0x00007ffb9db90000 - 0x00007ffb9dd74000 	C:\WINDOWS\SYSTEM32\DBGHELP.DLL
0x00007ffb9db60000 - 0x00007ffb9db8c000 	C:\WINDOWS\SYSTEM32\dbgcore.DLL
0x00007ffba9110000 - 0x00007ffba9192000 	C:\WINDOWS\System32\bcryptPrimitives.dll
0x00007ffb7afb0000 - 0x00007ffb7afd9000 	C:\Program Files\Java\jdk-11.0.2\bin\java.dll
0x00007ffb81250000 - 0x00007ffb8127f000 	C:\Program Files\Java\jdk-11.0.2\bin\instrument.dll
0x00007ffb7c5d0000 - 0x00007ffb7c5e6000 	C:\Program Files\Java\jdk-11.0.2\bin\zip.dll
0x00007ffba46b0000 - 0x00007ffba46ba000 	C:\Program Files\Java\jdk-11.0.2\bin\jimage.dll
0x00007ffbaa930000 - 0x00007ffbab074000 	C:\WINDOWS\System32\SHELL32.dll
0x00007ffba6d90000 - 0x00007ffba7524000 	C:\WINDOWS\SYSTEM32\windows.storage.dll
0x00007ffbaa430000 - 0x00007ffbaa784000 	C:\WINDOWS\System32\combase.dll
0x00007ffba8650000 - 0x00007ffba867c000 	C:\WINDOWS\SYSTEM32\Wldp.dll
0x00007ffbab300000 - 0x00007ffbab3ad000 	C:\WINDOWS\System32\SHCORE.dll
0x00007ffba99a0000 - 0x00007ffba99f5000 	C:\WINDOWS\System32\shlwapi.dll
0x00007ffba8bf0000 - 0x00007ffba8c0f000 	C:\WINDOWS\SYSTEM32\profapi.dll
0x00007ffb7c560000 - 0x00007ffb7c579000 	C:\Program Files\Java\jdk-11.0.2\bin\net.dll
0x00007ffb9d620000 - 0x00007ffb9d80c000 	C:\WINDOWS\SYSTEM32\urlmon.dll
0x00007ffb9c9d0000 - 0x00007ffb9cada000 	C:\WINDOWS\SYSTEM32\WINHTTP.dll
0x00007ffb9d360000 - 0x00007ffb9d611000 	C:\WINDOWS\SYSTEM32\iertutil.dll
0x00007ffb9d330000 - 0x00007ffb9d358000 	C:\WINDOWS\SYSTEM32\srvcli.dll
0x00007ffba8180000 - 0x00007ffba818c000 	C:\WINDOWS\SYSTEM32\netutils.dll
0x00007ffba8390000 - 0x00007ffba83fa000 	C:\WINDOWS\system32\mswsock.dll
0x00007ffb7b330000 - 0x00007ffb7b343000 	C:\Program Files\Java\jdk-11.0.2\bin\nio.dll
0x00007ffb7af90000 - 0x00007ffb7afaa000 	C:\Program Files\JetBrains\IntelliJ IDEA 2022.1.1\bin\breakgen64.dll
0x00007ffba80b0000 - 0x00007ffba817b000 	C:\WINDOWS\SYSTEM32\DNSAPI.dll
0x00007ffba8070000 - 0x00007ffba80ab000 	C:\WINDOWS\SYSTEM32\IPHLPAPI.DLL
0x00007ffba9b20000 - 0x00007ffba9b28000 	C:\WINDOWS\System32\NSI.dll
0x00007ffb9bd60000 - 0x00007ffb9bd6a000 	C:\Windows\System32\rasadhlp.dll
0x00007ffb9c1d0000 - 0x00007ffb9c24f000 	C:\WINDOWS\System32\fwpuclnt.dll
0x00007ffba91a0000 - 0x00007ffba91c7000 	C:\WINDOWS\System32\bcrypt.dll
0x00007ffb9a410000 - 0x00007ffb9a419000 	C:\Program Files\Java\jdk-11.0.2\bin\management.dll
0x00007ffb9a3c0000 - 0x00007ffb9a3cc000 	C:\Program Files\Java\jdk-11.0.2\bin\management_ext.dll
0x00007ffba85a0000 - 0x00007ffba85b8000 	C:\WINDOWS\SYSTEM32\CRYPTSP.dll
0x00007ffba7cf0000 - 0x00007ffba7d24000 	C:\WINDOWS\system32\rsaenh.dll
0x00007ffba8bb0000 - 0x00007ffba8bde000 	C:\WINDOWS\SYSTEM32\USERENV.dll
0x00007ffba85c0000 - 0x00007ffba85cc000 	C:\WINDOWS\SYSTEM32\CRYPTBASE.dll
0x00007ffb9dec0000 - 0x00007ffb9ded7000 	C:\WINDOWS\SYSTEM32\dhcpcsvc6.DLL
0x00007ffb9dda0000 - 0x00007ffb9ddbd000 	C:\WINDOWS\SYSTEM32\dhcpcsvc.DLL
0x00007ffb93e90000 - 0x00007ffb93ea7000 	C:\WINDOWS\system32\napinsp.dll
0x00007ffb93e70000 - 0x00007ffb93e8b000 	C:\WINDOWS\system32\pnrpnsp.dll
0x00007ffb93e50000 - 0x00007ffb93e65000 	C:\WINDOWS\system32\wshbth.dll
0x00007ffba4650000 - 0x00007ffba466d000 	C:\WINDOWS\system32\NLAapi.dll
0x00007ffb93e30000 - 0x00007ffb93e42000 	C:\WINDOWS\System32\winrnr.dll

dbghelp: loaded successfully - version: 4.0.5 - missing functions: none
symbol engine: initialized successfully - sym options: 0x614 - pdb path: .;C:\Program Files\Java\jdk-11.0.2\bin;C:\WINDOWS\SYSTEM32;C:\Program Files\AVAST Software\Avast;C:\WINDOWS\WinSxS\amd64_microsoft.windows.common-controls_6595b64144ccf1df_6.0.19041.1110_none_60b5254171f9507e;C:\Program Files\Java\jdk-11.0.2\bin\server;C:\Program Files\JetBrains\IntelliJ IDEA 2022.1.1\bin

VM Arguments:
jvm_args: -XX:TieredStopAtLevel=1 -Xverify:none -Dspring.output.ansi.enabled=always -Dcom.sun.management.jmxremote -Dspring.jmx.enabled=true -Dspring.liveBeansView.mbeanDomain -Dspring.application.admin.enabled=true -javaagent:C:\Program Files\JetBrains\IntelliJ IDEA 2022.1.1\lib\idea_rt.jar=1063:C:\Program Files\JetBrains\IntelliJ IDEA 2022.1.1\bin -Dfile.encoding=UTF-8 
java_command: com.example.tourdefrance.TourDeFranceApplication
java_class_path (initial): C:\Users\Lukasz S. Maliglowka\Desktop\Reeksamen-2022-tour\TourDeFranceEksamen\tourDeFrance\target\classes;C:\Users\Lukasz S. Maliglowka\.m2\repository\org\springframework\boot\spring-boot-starter-data-jpa\2.7.0\spring-boot-starter-data-jpa-2.7.0.jar;C:\Users\Lukasz S. Maliglowka\.m2\repository\org\springframework\boot\spring-boot-starter-aop\2.7.0\spring-boot-starter-aop-2.7.0.jar;C:\Users\Lukasz S. Maliglowka\.m2\repository\org\springframework\spring-aop\5.3.20\spring-aop-5.3.20.jar;C:\Users\Lukasz S. Maliglowka\.m2\repository\org\aspectj\aspectjweaver\1.9.7\aspectjweaver-1.9.7.jar;C:\Users\Lukasz S. Maliglowka\.m2\repository\org\springframework\boot\spring-boot-starter-jdbc\2.7.0\spring-boot-starter-jdbc-2.7.0.jar;C:\Users\Lukasz S. Maliglowka\.m2\repository\com\zaxxer\HikariCP\4.0.3\HikariCP-4.0.3.jar;C:\Users\Lukasz S. Maliglowka\.m2\repository\org\springframework\spring-jdbc\5.3.20\spring-jdbc-5.3.20.jar;C:\Users\Lukasz S. Maliglowka\.m2\repository\jakarta\transaction\jakarta.transaction-api\1.3.3\jakarta.transaction-api-1.3.3.jar;C:\Users\Lukasz S. Maliglowka\.m2\repository\jakarta\persistence\jakarta.persistence-api\2.2.3\jakarta.persistence-api-2.2.3.jar;C:\Users\Lukasz S. Maliglowka\.m2\repository\org\hibernate\hibernate-core\5.6.9.Final\hibernate-core-5.6.9.Final.jar;C:\Users\Lukasz S. Maliglowka\.m2\repository\org\jboss\logging\jboss-logging\3.4.3.Final\jboss-logging-3.4.3.Final.jar;C:\Users\Lukasz S. Maliglowka\.m2\repository\net\bytebuddy\byte-buddy\1.12.10\byte-buddy-1.12.10.jar;C:\Users\Lukasz S. Maliglowka\.m2\repository\antlr\antlr\2.7.7\antlr-2.7.7.jar;C:\Users\Lukasz S. Maliglowka\.m2\repository\org\jboss\jandex\2.4.2.Final\jandex-2.4.2.Final.jar;C:\Users\Lukasz S. Maliglowka\.m2\repository\com\fasterxml\classmate\1.5.1\classmate-1.5.1.jar;C:\Users\Lukasz S. Maliglowka\.m2\repository\org\hibernate\common\hibernate-commons-annotations\5.1.2.Final\hibernate-commons-annotations-5.1.2.Final.jar;C:\Users\Lukasz S. Maliglowk
Launcher Type: SUN_STANDARD

[Global flags]
     bool BytecodeVerificationLocal                = false                                     {product} {command line}
     bool BytecodeVerificationRemote               = false                                     {product} {command line}
     intx CICompilerCount                          = 2                                         {product} {ergonomic}
     uint ConcGCThreads                            = 1                                         {product} {ergonomic}
     uint G1ConcRefinementThreads                  = 2                                         {product} {ergonomic}
   size_t G1HeapRegionSize                         = 1048576                                   {product} {ergonomic}
    uintx GCDrainStackTargetSize                   = 64                                        {product} {ergonomic}
   size_t InitialHeapSize                          = 100663296                                 {product} {ergonomic}
     bool ManagementServer                         = true                                      {product} {command line}
   size_t MarkStackSize                            = 4194304                                   {product} {ergonomic}
   size_t MaxHeapSize                              = 1591738368                                {product} {ergonomic}
   size_t MaxNewSize                               = 954204160                                 {product} {ergonomic}
   size_t MinHeapDeltaBytes                        = 1048576                                   {product} {ergonomic}
    uintx NonNMethodCodeHeapSize                   = 6396312                                {pd product} {ergonomic}
    uintx NonProfiledCodeHeapSize                  = 245261928                              {pd product} {ergonomic}
    uintx ProfiledCodeHeapSize                     = 0                                      {pd product} {ergonomic}
    uintx ReservedCodeCacheSize                    = 251658240                              {pd product} {ergonomic}
     bool SegmentedCodeCache                       = true                                      {product} {ergonomic}
     intx TieredStopAtLevel                        = 1                                         {product} {command line}
     bool UseCompressedClassPointers               = true                                 {lp64_product} {ergonomic}
     bool UseCompressedOops                        = true                                 {lp64_product} {ergonomic}
     bool UseG1GC                                  = true                                      {product} {ergonomic}
     bool UseLargePagesIndividualAllocation        = false                                  {pd product} {ergonomic}

Logging:
Log output configuration:
 #0: stdout all=warning uptime,level,tags
 #1: stderr all=off uptime,level,tags

Environment Variables:
CLASSPATH=.;C:\Users\Lukasz S. Maliglowka\Documents\Dokumentarkiv\Softwareudvikling\2. semester\Algoritmer og datastrukturer\algs4\algs4.jar;C:\JavaFX\javafx-sdk-11.0.2\lib;C:\Program Files\Java\jdk-11.0.2\bin;
PATH=C:\Program Files (x86)\Common Files\Intel\Shared Libraries\redist\intel64\compiler;C:\Program Files (x86)\Intel\iCLS Client\;C:\Program Files\Intel\iCLS Client\;C:\WINDOWS\system32;C:\WINDOWS;C:\WINDOWS\System32\Wbem;C:\WINDOWS\System32\WindowsPowerShell\v1.0\;C:\Program Files (x86)\Intel\Intel(R) Management Engine Components\DAL;C:\Program Files\Intel\Intel(R) Management Engine Components\DAL;C:\Program Files (x86)\Intel\Intel(R) Management Engine Components\IPT;C:\Program Files\Intel\Intel(R) Management Engine Components\IPT;C:\Program Files\Intel\WiFi\bin\;C:\Program Files\Common Files\Intel\WirelessCommon\;C:\WINDOWS\System32\OpenSSH\;C:\Program Files\Java\jdk-11.0.2\bin;C:\Program Files (x86)\Vim\vim81;C:\Program Files\Git\cmd;C:\Program Files (x86)\Common Files\Oracle\Java\javapath;C:\Users\Lukasz S. Maliglowka\Documents\Dokumentarkiv\Softwareudvikling\2. semester\Visualisering af kort\Gradle\gradle-5.1.1\bin;C:\Program Files\dotnet\;C:\Program Files\Visual studio code\bin;C:\Program Files\PostgreSQL\11\bin;C:\Program Files\Microsoft SQL Server\130\Tools\Binn\;C:\Program Files\VSCodium\bin;C:\Program Files\nodejs\;C:\Program Files\Docker\Docker\resources\bin;C:\ProgramData\DockerDesktop\version-bin;C:\Program Files\MySQL\MySQL Shell 8.0\bin\;C:\Program Files\Java\jdk-11.0.2\bin;C:\Users\Lukasz S. Maliglowka\AppData\Local\Microsoft\WindowsApps;C:\Users\Gradle\gradle-5.3.1\bin;C:\JavaFX\javafx-sdk-11.0.2\lib;C:\Users\Lukasz S. Maliglowka\.dotnet\tools;C:\Users\Lukasz S. Maliglowka\AppData\Local\Microsoft\WindowsApps;C:\Program Files\MySQL\MySQL Server 8.0\bin;;D:\IntelliJ IDE\IntelliJ installed\IntelliJ IDEA 2021.2.2\bin;;C:\Users\Lukasz S. Maliglowka\AppData\Roaming\npm;C:\Program Files\heroku\bin
USERNAME=Lukasz S. Maliglowka
OS=Windows_NT
PROCESSOR_IDENTIFIER=Intel64 Family 6 Model 69 Stepping 1, GenuineIntel



---------------  S Y S T E M  ---------------

OS: Windows 10 , 64 bit Build 19041 (10.0.19041.1645)

CPU:total 2 (initial active 2) (2 cores per cpu, 1 threads per core) family 6 model 69 stepping 1, cmov, cx8, fxsr, mmx, sse, sse2, sse3, ssse3, sse4.1, sse4.2, popcnt, clmul, erms, lzcnt, tsc, tscinvbit

Memory: 4k page, system-wide physical 6065M (400M free)
TotalPageFile size 12678M (AvailPageFile size 1M)
current process WorkingSet (physical memory assigned to process): 131M, peak: 131M
current process commit charge ("private bytes"): 219M, peak: 219M

vm_info: Java HotSpot(TM) 64-Bit Server VM (11.0.2+9-LTS) for windows-amd64 JRE (11.0.2+9-LTS), built on Jan 18 2019 05:24:10 by "mach5one" with MS VC++ 15.5 (VS2017)

END.
